<?xml version="1.0" encoding="UTF-8"?>
<robot generator="Robot 3.2.2 (Python 3.9.2 on win32)" generated="20210824 17:02:12.585" rpa="false">
<suite id="s1" name="Tests" source="C:\Users\stars\PycharmProjects\Team2Labelf\Robot\Tests">
<suite id="s1-s1" name="Uploaddataset" source="C:\Users\stars\PycharmProjects\Team2Labelf\Robot\Tests\uploaddataset.robot">
<kw name="Begin Web Test" library="keywords_general" type="setup">
<kw name="Open Browser" library="SeleniumLibrary">
<doc>Opens a new browser instance to the optional ``url``.</doc>
<arguments>
<arg>about:blank</arg>
<arg>${BROWSER}</arg>
</arguments>
<msg timestamp="20210824 17:02:13.337" level="INFO">Opening browser 'chrome' to base url 'about:blank'.</msg>
<status status="PASS" starttime="20210824 17:02:13.336" endtime="20210824 17:02:15.723"></status>
</kw>
<kw name="Set Selenium Timeout" library="SeleniumLibrary">
<doc>Sets the timeout that is used by various keywords.</doc>
<arguments>
<arg>10</arg>
</arguments>
<status status="PASS" starttime="20210824 17:02:15.724" endtime="20210824 17:02:15.729"></status>
</kw>
<status status="PASS" starttime="20210824 17:02:13.336" endtime="20210824 17:02:15.729"></status>
</kw>
<test id="s1-s1-t1" name="Test to log into app.lablef">
<kw name="Go to Web Page" library="keywords_general">
<kw name="Load Page" library="keywords_general">
<kw name="Go To" library="SeleniumLibrary">
<doc>Navigates the current browser window to the provided ``url``.</doc>
<arguments>
<arg>${URL}</arg>
</arguments>
<msg timestamp="20210824 17:02:15.734" level="INFO">Opening url 'https://app.labelf.ai/login/'</msg>
<status status="PASS" starttime="20210824 17:02:15.734" endtime="20210824 17:02:20.289"></status>
</kw>
<status status="PASS" starttime="20210824 17:02:15.733" endtime="20210824 17:02:20.289"></status>
</kw>
<kw name="Verify Page Loaded" library="keywords_general">
<kw name="Get Title" library="SeleniumLibrary">
<doc>Returns the title of the current page.</doc>
<assign>
<var>${LINK_TEXT}</var>
</assign>
<msg timestamp="20210824 17:02:20.298" level="INFO">${LINK_TEXT} = Labelf</msg>
<status status="PASS" starttime="20210824 17:02:20.290" endtime="20210824 17:02:20.298"></status>
</kw>
<kw name="Should Be Equal" library="BuiltIn">
<doc>Fails if the given objects are unequal.</doc>
<arguments>
<arg>${LINK_TEXT}</arg>
<arg>Labelf</arg>
</arguments>
<status status="PASS" starttime="20210824 17:02:20.298" endtime="20210824 17:02:20.300"></status>
</kw>
<kw name="Wait Until Page Contains" library="SeleniumLibrary">
<doc>Waits until ``text`` appears on the current page.</doc>
<arguments>
<arg>Labelf</arg>
</arguments>
<status status="PASS" starttime="20210824 17:02:20.300" endtime="20210824 17:02:20.329"></status>
</kw>
<status status="PASS" starttime="20210824 17:02:20.289" endtime="20210824 17:02:20.330"></status>
</kw>
<status status="PASS" starttime="20210824 17:02:15.732" endtime="20210824 17:02:20.330"></status>
</kw>
<kw name="Given that user enters a valid username and password" library="keywords_general">
<kw name="Input Text" library="SeleniumLibrary">
<doc>Types the given ``text`` into the text field identified by ``locator``.</doc>
<arguments>
<arg>xpath://*[@id="app"]/div/main/div/div/div/div/div/div[1]/form/div[1]/div[2]/div[1]/div/input</arg>
<arg>manish.rajpal@iths.se</arg>
</arguments>
<msg timestamp="20210824 17:02:20.332" level="INFO">Typing text 'manish.rajpal@iths.se' into text field 'xpath://*[@id="app"]/div/main/div/div/div/div/div/div[1]/form/div[1]/div[2]/div[1]/div/input'.</msg>
<status status="PASS" starttime="20210824 17:02:20.332" endtime="20210824 17:02:21.036"></status>
</kw>
<kw name="Input Text" library="SeleniumLibrary">
<doc>Types the given ``text`` into the text field identified by ``locator``.</doc>
<arguments>
<arg>xpath://*[@id="password"]</arg>
<arg>Manish123</arg>
</arguments>
<msg timestamp="20210824 17:02:21.037" level="INFO">Typing text 'Manish123' into text field 'xpath://*[@id="password"]'.</msg>
<status status="PASS" starttime="20210824 17:02:21.036" endtime="20210824 17:02:21.548"></status>
</kw>
<status status="PASS" starttime="20210824 17:02:20.331" endtime="20210824 17:02:21.549"></status>
</kw>
<kw name="When user presses LOGIN" library="keywords_general">
<kw name="Click Button" library="SeleniumLibrary">
<doc>Clicks the button identified by ``locator``.</doc>
<arguments>
<arg>xpath://*[@id="app"]/div/main/div/div/div/div/div/div[2]/button</arg>
</arguments>
<msg timestamp="20210824 17:02:21.559" level="INFO">Clicking button 'xpath://*[@id="app"]/div/main/div/div/div/div/div/div[2]/button'.</msg>
<status status="PASS" starttime="20210824 17:02:21.558" endtime="20210824 17:02:21.729"></status>
</kw>
<status status="PASS" starttime="20210824 17:02:21.557" endtime="20210824 17:02:21.730"></status>
</kw>
<kw name="Then user should be logged in" library="keywords_general">
<kw name="Wait Until Page Contains" library="SeleniumLibrary">
<doc>Waits until ``text`` appears on the current page.</doc>
<arguments>
<arg>Logged in</arg>
</arguments>
<status status="PASS" starttime="20210824 17:02:21.732" endtime="20210824 17:02:22.211"></status>
</kw>
<kw name="Go To" library="SeleniumLibrary">
<doc>Navigates the current browser window to the provided ``url``.</doc>
<arguments>
<arg>https://app.labelf.ai/main/57/datasets/view</arg>
</arguments>
<msg timestamp="20210824 17:02:22.211" level="INFO">Opening url 'https://app.labelf.ai/main/57/datasets/view'</msg>
<status status="PASS" starttime="20210824 17:02:22.211" endtime="20210824 17:02:24.041"></status>
</kw>
<kw name="Wait Until Page Contains" library="SeleniumLibrary">
<doc>Waits until ``text`` appears on the current page.</doc>
<arguments>
<arg>Datasets</arg>
</arguments>
<kw name="Capture Page Screenshot" library="SeleniumLibrary">
<doc>Takes a screenshot of the current page and embeds it into a log file.</doc>
<msg timestamp="20210824 17:02:34.254" level="INFO" html="yes">&lt;/td&gt;&lt;/tr&gt;&lt;tr&gt;&lt;td colspan="3"&gt;&lt;a href="selenium-screenshot-1.png"&gt;&lt;img src="selenium-screenshot-1.png" width="800px"&gt;&lt;/a&gt;</msg>
<status status="PASS" starttime="20210824 17:02:34.065" endtime="20210824 17:02:34.254"></status>
</kw>
<msg timestamp="20210824 17:02:34.292" level="FAIL">Text 'Datasets' did not appear in 10 seconds.</msg>
<status status="FAIL" starttime="20210824 17:02:24.042" endtime="20210824 17:02:34.292"></status>
</kw>
<status status="FAIL" starttime="20210824 17:02:21.731" endtime="20210824 17:02:34.292"></status>
</kw>
<doc>Test to upload the Ebike dataset</doc>
<tags>
<tag>Update Ebike</tag>
</tags>
<status status="FAIL" starttime="20210824 17:02:15.730" endtime="20210824 17:02:34.293" critical="yes">Text 'Datasets' did not appear in 10 seconds.</status>
</test>
<kw name="End Web Test" library="keywords_general" type="teardown">
<kw name="Close Browser" library="SeleniumLibrary">
<doc>Closes the current browser.</doc>
<status status="PASS" starttime="20210824 17:02:34.296" endtime="20210824 17:02:37.649"></status>
</kw>
<status status="PASS" starttime="20210824 17:02:34.295" endtime="20210824 17:02:37.649"></status>
</kw>
<doc>Testar Selenium och RobotFramework</doc>
<status status="FAIL" starttime="20210824 17:02:12.665" endtime="20210824 17:02:37.649"></status>
</suite>
<status status="FAIL" starttime="20210824 17:02:12.596" endtime="20210824 17:02:37.661"></status>
</suite>
<statistics>
<total>
<stat pass="0" fail="1">Critical Tests</stat>
<stat pass="0" fail="1">All Tests</stat>
</total>
<tag>
<stat pass="0" fail="1">Update Ebike</stat>
</tag>
<suite>
<stat pass="0" fail="1" id="s1" name="Tests">Tests</stat>
<stat pass="0" fail="1" id="s1-s1" name="Uploaddataset">Tests.Uploaddataset</stat>
</suite>
</statistics>
<errors>
<msg timestamp="20210824 17:02:12.678" level="ERROR">Error in file 'C:\Users\stars\PycharmProjects\Team2Labelf\Robot\Tests\uploaddataset.robot' on line 4: Resource file '..\Resources\keywords.robot' does not exist.</msg>
</errors>
</robot>
